<?xml version="1.0" encoding="UTF-8"?>
<testng-results skipped="0" failed="0" total="1" passed="1">
  <reporter-output>
  </reporter-output>
  <suite name="Surefire suite" duration-ms="89" started-at="2015-05-24T10:53:32Z" finished-at="2015-05-24T10:53:32Z">
    <groups>
    </groups>
    <test name="Surefire test" duration-ms="89" started-at="2015-05-24T10:53:32Z" finished-at="2015-05-24T10:53:32Z">
      <class name="com.webtek.testcases.BaseTestCase">
        <test-method status="PASS" signature="Setup()[pri:0, instance:com.webtek.testcases.BaseTestCase@48140564]" name="Setup" is-config="true" duration-ms="33150" started-at="2015-05-24T16:22:59Z" finished-at="2015-05-24T16:23:32Z">
          <reporter-output>
          </reporter-output>
        </test-method> <!-- Setup -->
        <test-method status="PASS" signature="teardown()[pri:0, instance:com.webtek.testcases.BaseTestCase@48140564]" name="teardown" is-config="true" duration-ms="646" started-at="2015-05-24T16:23:33Z" finished-at="2015-05-24T16:23:33Z">
          <reporter-output>
          </reporter-output>
        </test-method> <!-- teardown -->
      </class> <!-- com.webtek.testcases.BaseTestCase -->
      <class name="com.webtek.testcases.SanityTest">
        <test-method status="PASS" signature="SignInUser()[pri:0, instance:com.webtek.testcases.SanityTest@43a25848]" name="SignInUser" duration-ms="1" started-at="2015-05-24T16:23:32Z" finished-at="2015-05-24T16:23:32Z">
          <reporter-output>
          </reporter-output>
        </test-method> <!-- SignInUser -->
      </class> <!-- com.webtek.testcases.SanityTest -->
    </test> <!-- Surefire test -->
  </suite> <!-- Surefire suite -->
</testng-results>
